Started GET "/" for ::1 at 2020-04-07 13:55:54 -0500
  [1m[35m (2.2ms)[0m  [1m[34mSELECT sqlite_version(*)[0m
Processing by ApplicationController#home as HTML
  Rendering application/home.html.erb
  Rendered application/home.html.erb (Duration: 30.2ms | Allocations: 12256)
Completed 200 OK in 39ms (Views: 38.2ms | ActiveRecord: 0.0ms | Allocations: 14989)


Started GET "/" for ::1 at 2020-04-07 13:58:12 -0500
Processing by ApplicationController#home as HTML
  Rendering application/home.html.erb
  Rendered application/home.html.erb (Duration: 11.1ms | Allocations: 4303)
Completed 200 OK in 12ms (Views: 12.0ms | ActiveRecord: 0.0ms | Allocations: 4557)


Started GET "/" for ::1 at 2020-04-07 13:59:45 -0500
Processing by ApplicationController#home as HTML
  Rendering application/home.html.erb
  Rendered application/home.html.erb (Duration: 15.3ms | Allocations: 4450)
Completed 200 OK in 18ms (Views: 18.2ms | ActiveRecord: 0.0ms | Allocations: 5583)


Started GET "/" for ::1 at 2020-04-07 13:59:47 -0500
Processing by ApplicationController#home as HTML
  Rendering application/home.html.erb
  Rendered application/home.html.erb (Duration: 2.4ms | Allocations: 1261)
Completed 200 OK in 4ms (Views: 3.8ms | ActiveRecord: 0.0ms | Allocations: 1515)


Started GET "/" for ::1 at 2020-04-07 13:59:47 -0500
Processing by ApplicationController#home as HTML
  Rendering application/home.html.erb
  Rendered application/home.html.erb (Duration: 2.8ms | Allocations: 1259)
Completed 200 OK in 4ms (Views: 3.3ms | ActiveRecord: 0.0ms | Allocations: 1510)


Started GET "/" for ::1 at 2020-04-07 14:00:08 -0500
Processing by ApplicationController#home as HTML
  Rendering application/home.html.erb
  Rendered application/home.html.erb (Duration: 15.1ms | Allocations: 4847)
Completed 200 OK in 16ms (Views: 16.0ms | ActiveRecord: 0.0ms | Allocations: 5098)


Started GET "/" for ::1 at 2020-04-07 14:01:36 -0500
Processing by ApplicationController#home as HTML
  Rendering application/home.html.erb
  Rendered application/home.html.erb (Duration: 13.9ms | Allocations: 5049)
Completed 200 OK in 17ms (Views: 16.6ms | ActiveRecord: 0.0ms | Allocations: 6182)


Started GET "/" for ::1 at 2020-04-07 14:01:48 -0500
Processing by ApplicationController#home as HTML
  Rendering application/home.html.erb
  Rendered application/home.html.erb (Duration: 44.2ms | Allocations: 4874)
Completed 200 OK in 45ms (Views: 44.8ms | ActiveRecord: 0.0ms | Allocations: 5128)


Started GET "/" for ::1 at 2020-04-07 14:01:49 -0500
Processing by ApplicationController#home as HTML
  Rendering application/home.html.erb
  Rendered application/home.html.erb (Duration: 1.5ms | Allocations: 1259)
Completed 200 OK in 2ms (Views: 2.1ms | ActiveRecord: 0.0ms | Allocations: 1510)


Started GET "/" for ::1 at 2020-04-07 14:01:49 -0500
Processing by ApplicationController#home as HTML
  Rendering application/home.html.erb
  Rendered application/home.html.erb (Duration: 1.4ms | Allocations: 1259)
Completed 200 OK in 2ms (Views: 1.8ms | ActiveRecord: 0.0ms | Allocations: 1510)


Started GET "/" for ::1 at 2020-04-07 14:01:49 -0500
Processing by ApplicationController#home as HTML
  Rendering application/home.html.erb
  Rendered application/home.html.erb (Duration: 1.3ms | Allocations: 1259)
Completed 200 OK in 2ms (Views: 1.8ms | ActiveRecord: 0.0ms | Allocations: 1510)


Started GET "/" for ::1 at 2020-04-07 14:01:49 -0500
Processing by ApplicationController#home as HTML
  Rendering application/home.html.erb
  Rendered application/home.html.erb (Duration: 1.5ms | Allocations: 1259)
Completed 200 OK in 2ms (Views: 1.9ms | ActiveRecord: 0.0ms | Allocations: 1510)


Started GET "/" for ::1 at 2020-04-07 14:02:23 -0500
Processing by ApplicationController#home as HTML
  Rendering application/home.html.erb
  Rendered application/home.html.erb (Duration: 9.0ms | Allocations: 4849)
Completed 200 OK in 10ms (Views: 9.5ms | ActiveRecord: 0.0ms | Allocations: 5100)


Started GET "/" for ::1 at 2020-04-07 14:02:40 -0500
Processing by ApplicationController#home as HTML
  Rendering application/home.html.erb
  Rendered application/home.html.erb (Duration: 9.5ms | Allocations: 4892)
Completed 200 OK in 10ms (Views: 10.1ms | ActiveRecord: 0.0ms | Allocations: 5143)


Started GET "/" for ::1 at 2020-04-07 14:02:41 -0500
Processing by ApplicationController#home as HTML
  Rendering application/home.html.erb
  Rendered application/home.html.erb (Duration: 1.9ms | Allocations: 1259)
Completed 200 OK in 3ms (Views: 2.3ms | ActiveRecord: 0.0ms | Allocations: 1510)


Started GET "/" for ::1 at 2020-04-07 14:03:00 -0500
Processing by ApplicationController#home as HTML
  Rendering application/home.html.erb
  Rendered application/home.html.erb (Duration: 9.6ms | Allocations: 4891)
Completed 200 OK in 10ms (Views: 10.0ms | ActiveRecord: 0.0ms | Allocations: 5142)


Started GET "/" for ::1 at 2020-04-07 14:03:20 -0500
Processing by ApplicationController#home as HTML
  Rendering application/home.html.erb
  Rendered application/home.html.erb (Duration: 10.7ms | Allocations: 4844)
Completed 200 OK in 12ms (Views: 11.3ms | ActiveRecord: 0.0ms | Allocations: 5095)


Started GET "/" for ::1 at 2020-04-07 14:05:05 -0500
Processing by ApplicationController#home as HTML
  Rendering application/home.html.erb
  Rendered application/home.html.erb (Duration: 10.1ms | Allocations: 4926)
Completed 200 OK in 11ms (Views: 10.6ms | ActiveRecord: 0.0ms | Allocations: 5177)


Started GET "/" for ::1 at 2020-04-07 14:05:26 -0500
Processing by ApplicationController#home as HTML
  Rendering application/home.html.erb
  Rendered application/home.html.erb (Duration: 9.6ms | Allocations: 5697)
Completed 200 OK in 10ms (Views: 10.1ms | ActiveRecord: 0.0ms | Allocations: 5948)


Started GET "/" for ::1 at 2020-04-07 14:05:35 -0500
Processing by ApplicationController#home as HTML
  Rendering application/home.html.erb
  Rendered application/home.html.erb (Duration: 9.8ms | Allocations: 5288)
Completed 200 OK in 10ms (Views: 10.2ms | ActiveRecord: 0.0ms | Allocations: 5539)


Started GET "/" for ::1 at 2020-04-07 14:05:42 -0500
Processing by ApplicationController#home as HTML
  Rendering application/home.html.erb
  Rendered application/home.html.erb (Duration: 12.1ms | Allocations: 4894)
Completed 200 OK in 13ms (Views: 12.7ms | ActiveRecord: 0.0ms | Allocations: 5146)


Started GET "/" for ::1 at 2020-04-07 14:06:01 -0500
Processing by ApplicationController#home as HTML
  Rendering application/home.html.erb
  Rendered application/home.html.erb (Duration: 9.8ms | Allocations: 5676)
Completed 200 OK in 11ms (Views: 10.3ms | ActiveRecord: 0.0ms | Allocations: 5927)


Started GET "/" for ::1 at 2020-04-07 14:06:24 -0500
Processing by ApplicationController#home as HTML
  Rendering application/home.html.erb
  Rendered application/home.html.erb (Duration: 9.7ms | Allocations: 4848)
Completed 200 OK in 11ms (Views: 10.3ms | ActiveRecord: 0.0ms | Allocations: 5099)


Started GET "/" for ::1 at 2020-04-07 14:06:40 -0500
Processing by ApplicationController#home as HTML
  Rendering application/home.html.erb
  Rendered application/home.html.erb (Duration: 9.0ms | Allocations: 4932)
Completed 200 OK in 10ms (Views: 9.4ms | ActiveRecord: 0.0ms | Allocations: 5183)


Started GET "/" for ::1 at 2020-04-07 14:07:12 -0500
Processing by ApplicationController#home as HTML
  Rendering application/home.html.erb
  Rendered application/home.html.erb (Duration: 8.7ms | Allocations: 4340)
Completed 200 OK in 10ms (Views: 9.3ms | ActiveRecord: 0.0ms | Allocations: 4591)


Started GET "/" for ::1 at 2020-04-07 14:08:20 -0500
Processing by ApplicationController#home as HTML
  Rendering application/home.html.erb
  Rendered application/home.html.erb (Duration: 10.8ms | Allocations: 5783)
Completed 200 OK in 12ms (Views: 11.3ms | ActiveRecord: 0.0ms | Allocations: 6034)


Started GET "/" for ::1 at 2020-04-07 14:09:01 -0500
Processing by ApplicationController#home as HTML
  Rendering application/home.html.erb
  Rendered application/home.html.erb (Duration: 2.3ms | Allocations: 1394)
Completed 200 OK in 5ms (Views: 4.7ms | ActiveRecord: 0.0ms | Allocations: 2532)


Started GET "/" for ::1 at 2020-04-07 14:09:15 -0500
Processing by ApplicationController#home as HTML
  Rendering application/home.html.erb
  Rendered application/home.html.erb (Duration: 9.1ms | Allocations: 4342)
Completed 200 OK in 10ms (Views: 9.6ms | ActiveRecord: 0.0ms | Allocations: 4594)


Started GET "/" for ::1 at 2020-04-07 14:09:27 -0500
Processing by ApplicationController#home as HTML
  Rendering application/home.html.erb
  Rendered application/home.html.erb (Duration: 9.6ms | Allocations: 5316)
Completed 200 OK in 10ms (Views: 10.1ms | ActiveRecord: 0.0ms | Allocations: 5567)


Started GET "/" for ::1 at 2020-04-07 14:09:33 -0500
Processing by ApplicationController#home as HTML
  Rendering application/home.html.erb
  Rendered application/home.html.erb (Duration: 10.6ms | Allocations: 5761)
Completed 200 OK in 11ms (Views: 11.2ms | ActiveRecord: 0.0ms | Allocations: 6013)


Started GET "/" for ::1 at 2020-04-07 14:09:47 -0500
Processing by ApplicationController#home as HTML
  Rendering application/home.html.erb
  Rendered application/home.html.erb (Duration: 9.9ms | Allocations: 6210)
Completed 200 OK in 11ms (Views: 10.4ms | ActiveRecord: 0.0ms | Allocations: 6461)


Started GET "/" for ::1 at 2020-04-07 14:10:11 -0500
Processing by ApplicationController#home as HTML
  Rendering application/home.html.erb
  Rendered application/home.html.erb (Duration: 12.6ms | Allocations: 5309)
Completed 200 OK in 13ms (Views: 13.1ms | ActiveRecord: 0.0ms | Allocations: 5560)


Started GET "/" for ::1 at 2020-04-07 14:10:25 -0500
Processing by ApplicationController#home as HTML
  Rendering application/home.html.erb
  Rendered application/home.html.erb (Duration: 10.6ms | Allocations: 7511)
Completed 200 OK in 11ms (Views: 11.1ms | ActiveRecord: 0.0ms | Allocations: 7762)


Started GET "/" for ::1 at 2020-04-07 14:11:32 -0500
Processing by ApplicationController#home as HTML
  Rendering application/home.html.erb
  Rendered application/home.html.erb (Duration: 8.5ms | Allocations: 5733)
Completed 200 OK in 9ms (Views: 9.0ms | ActiveRecord: 0.0ms | Allocations: 5984)


Started GET "/" for ::1 at 2020-04-07 14:12:39 -0500
Processing by ApplicationController#home as HTML
  Rendering application/home.html.erb
  Rendered application/home.html.erb (Duration: 9.4ms | Allocations: 5293)
Completed 200 OK in 10ms (Views: 9.9ms | ActiveRecord: 0.0ms | Allocations: 5544)


Started GET "/" for ::1 at 2020-04-07 14:13:03 -0500
Processing by ApplicationController#home as HTML
  Rendering application/home.html.erb
  Rendered application/home.html.erb (Duration: 8.8ms | Allocations: 5746)
Completed 200 OK in 10ms (Views: 9.4ms | ActiveRecord: 0.0ms | Allocations: 5997)


Started GET "/" for ::1 at 2020-04-07 14:13:18 -0500
Processing by ApplicationController#home as HTML
  Rendering application/home.html.erb
  Rendered application/home.html.erb (Duration: 1.9ms | Allocations: 1300)
Completed 200 OK in 3ms (Views: 2.3ms | ActiveRecord: 0.0ms | Allocations: 1551)


Started GET "/" for ::1 at 2020-04-07 14:13:35 -0500
Processing by ApplicationController#home as HTML
  Rendering application/home.html.erb
  Rendered application/home.html.erb (Duration: 26.7ms | Allocations: 5287)
Completed 200 OK in 28ms (Views: 27.3ms | ActiveRecord: 0.0ms | Allocations: 5541)


Started GET "/" for ::1 at 2020-04-07 14:18:07 -0500
Processing by ApplicationController#home as HTML
  Rendering application/home.html.erb
  Rendered application/home.html.erb (Duration: 19.1ms | Allocations: 11182)
Completed 200 OK in 22ms (Views: 21.9ms | ActiveRecord: 0.0ms | Allocations: 12319)


Started GET "/" for ::1 at 2020-04-07 14:20:18 -0500
Processing by ApplicationController#home as HTML
  Rendering application/home.html.erb
  Rendered application/home.html.erb (Duration: 13.7ms | Allocations: 5477)
Completed 200 OK in 14ms (Views: 14.2ms | ActiveRecord: 0.0ms | Allocations: 5729)


Started GET "/" for ::1 at 2020-04-07 14:20:21 -0500
Processing by ApplicationController#home as HTML
  Rendering application/home.html.erb
  Rendered application/home.html.erb (Duration: 2.3ms | Allocations: 2378)
Completed 200 OK in 3ms (Views: 2.8ms | ActiveRecord: 0.0ms | Allocations: 2629)


Started GET "/" for ::1 at 2020-04-07 14:20:22 -0500
Processing by ApplicationController#home as HTML
  Rendering application/home.html.erb
  Rendered application/home.html.erb (Duration: 2.3ms | Allocations: 2378)
Completed 200 OK in 3ms (Views: 2.7ms | ActiveRecord: 0.0ms | Allocations: 2629)


Started GET "/" for ::1 at 2020-04-07 14:20:23 -0500
Processing by ApplicationController#home as HTML
  Rendering application/home.html.erb
  Rendered application/home.html.erb (Duration: 3.5ms | Allocations: 2378)
Completed 200 OK in 4ms (Views: 3.9ms | ActiveRecord: 0.0ms | Allocations: 2629)


Started GET "/" for ::1 at 2020-04-07 14:20:39 -0500
Processing by ApplicationController#home as HTML
  Rendering application/home.html.erb
  Rendered application/home.html.erb (Duration: 10.4ms | Allocations: 7711)
Completed 200 OK in 11ms (Views: 10.9ms | ActiveRecord: 0.0ms | Allocations: 7962)


Started GET "/" for ::1 at 2020-04-07 14:21:49 -0500
Processing by ApplicationController#home as HTML
  Rendering application/home.html.erb
  Rendered application/home.html.erb (Duration: 11.5ms | Allocations: 8101)
Completed 200 OK in 12ms (Views: 11.9ms | ActiveRecord: 0.0ms | Allocations: 8352)


Started GET "/" for ::1 at 2020-04-07 14:21:51 -0500
Processing by ApplicationController#home as HTML
  Rendering application/home.html.erb
  Rendered application/home.html.erb (Duration: 3.0ms | Allocations: 2379)
Completed 200 OK in 4ms (Views: 3.8ms | ActiveRecord: 0.0ms | Allocations: 2632)


Started GET "/" for ::1 at 2020-04-07 14:22:22 -0500
Processing by ApplicationController#home as HTML
  Rendering application/home.html.erb
  Rendered application/home.html.erb (Duration: 11.5ms | Allocations: 7291)
Completed 200 OK in 12ms (Views: 11.9ms | ActiveRecord: 0.0ms | Allocations: 7542)


Started GET "/" for ::1 at 2020-04-07 14:23:30 -0500
Processing by ApplicationController#home as HTML
  Rendering application/home.html.erb
  Rendered application/home.html.erb (Duration: 3.1ms | Allocations: 2526)
Completed 200 OK in 5ms (Views: 5.0ms | ActiveRecord: 0.0ms | Allocations: 3663)


Started GET "/" for ::1 at 2020-04-07 14:25:07 -0500
Processing by ApplicationController#home as HTML
  Rendering application/home.html.erb
  Rendered application/home.html.erb (Duration: 10.3ms | Allocations: 6555)
Completed 200 OK in 12ms (Views: 12.2ms | ActiveRecord: 0.0ms | Allocations: 7685)


Started GET "/" for ::1 at 2020-04-07 14:25:42 -0500
Processing by ApplicationController#home as HTML
  Rendering application/home.html.erb
  Rendered application/home.html.erb (Duration: 13.5ms | Allocations: 8102)
Completed 200 OK in 14ms (Views: 14.0ms | ActiveRecord: 0.0ms | Allocations: 8354)


Started GET "/" for ::1 at 2020-04-07 14:27:23 -0500
Processing by ApplicationController#home as HTML
  Rendering application/home.html.erb
  Rendered application/home.html.erb (Duration: 12.3ms | Allocations: 7814)
Completed 200 OK in 14ms (Views: 14.2ms | ActiveRecord: 0.0ms | Allocations: 8944)


Started GET "/" for ::1 at 2020-04-07 14:27:45 -0500
Processing by ApplicationController#home as HTML
  Rendering application/home.html.erb
  Rendered application/home.html.erb (Duration: 20.6ms | Allocations: 7694)
Completed 200 OK in 21ms (Views: 21.1ms | ActiveRecord: 0.0ms | Allocations: 7949)


Started GET "/" for ::1 at 2020-04-07 14:28:24 -0500
Processing by ApplicationController#home as HTML
  Rendering application/home.html.erb
  Rendered application/home.html.erb (Duration: 2.6ms | Allocations: 2378)
Completed 200 OK in 3ms (Views: 3.0ms | ActiveRecord: 0.0ms | Allocations: 2629)


Started GET "/" for ::1 at 2020-04-07 14:28:59 -0500
Processing by ApplicationController#home as HTML
  Rendering application/home.html.erb
  Rendered application/home.html.erb (Duration: 3.2ms | Allocations: 2378)
Completed 200 OK in 4ms (Views: 3.6ms | ActiveRecord: 0.0ms | Allocations: 2629)


Started GET "/" for ::1 at 2020-04-07 14:29:48 -0500
Processing by ApplicationController#home as HTML
  Rendering application/home.html.erb
  Rendered application/home.html.erb (Duration: 10.6ms | Allocations: 8108)
Completed 200 OK in 11ms (Views: 11.1ms | ActiveRecord: 0.0ms | Allocations: 8359)


Started GET "/" for ::1 at 2020-04-07 14:30:15 -0500
Processing by ApplicationController#home as HTML
  Rendering application/home.html.erb
  Rendered application/home.html.erb (Duration: 2.2ms | Allocations: 2378)
Completed 200 OK in 3ms (Views: 2.6ms | ActiveRecord: 0.0ms | Allocations: 2629)


Started GET "/" for ::1 at 2020-04-07 14:31:31 -0500
Processing by ApplicationController#home as HTML
  Rendering application/home.html.erb
  Rendered application/home.html.erb (Duration: 15.4ms | Allocations: 7673)
Completed 200 OK in 16ms (Views: 15.9ms | ActiveRecord: 0.0ms | Allocations: 7924)


Started GET "/" for ::1 at 2020-04-07 14:32:02 -0500
Processing by ApplicationController#home as HTML
  Rendering application/home.html.erb
  Rendered application/home.html.erb (Duration: 12.9ms | Allocations: 9005)
Completed 200 OK in 14ms (Views: 13.4ms | ActiveRecord: 0.0ms | Allocations: 9256)


Started GET "/" for ::1 at 2020-04-07 14:32:33 -0500
Processing by ApplicationController#home as HTML
  Rendering application/home.html.erb
  Rendered application/home.html.erb (Duration: 9.9ms | Allocations: 7658)
Completed 200 OK in 11ms (Views: 10.4ms | ActiveRecord: 0.0ms | Allocations: 7909)


Started GET "/" for ::1 at 2020-04-07 14:35:32 -0500
Processing by ApplicationController#home as HTML
  Rendering application/home.html.erb
  Rendered application/home.html.erb (Duration: 28.7ms | Allocations: 12688)
Completed 200 OK in 31ms (Views: 30.7ms | ActiveRecord: 0.0ms | Allocations: 13827)


Started GET "/" for ::1 at 2020-04-07 14:37:03 -0500
Processing by ApplicationController#home as HTML
  Rendering application/home.html.erb
  Rendered application/home.html.erb (Duration: 10.9ms | Allocations: 8078)
Completed 200 OK in 12ms (Views: 11.4ms | ActiveRecord: 0.0ms | Allocations: 8330)


Started GET "/" for ::1 at 2020-04-07 14:37:24 -0500
Processing by ApplicationController#home as HTML
  Rendering application/home.html.erb
  Rendered application/home.html.erb (Duration: 9.4ms | Allocations: 7655)
Completed 200 OK in 10ms (Views: 9.8ms | ActiveRecord: 0.0ms | Allocations: 7906)


Started GET "/" for ::1 at 2020-04-07 14:38:04 -0500
Processing by ApplicationController#home as HTML
  Rendering application/home.html.erb
  Rendered application/home.html.erb (Duration: 13.1ms | Allocations: 8128)
Completed 200 OK in 14ms (Views: 13.6ms | ActiveRecord: 0.0ms | Allocations: 8379)


Started GET "/" for ::1 at 2020-04-07 14:38:42 -0500
Processing by ApplicationController#home as HTML
  Rendering application/home.html.erb
  Rendered application/home.html.erb (Duration: 2.2ms | Allocations: 2378)
Completed 200 OK in 3ms (Views: 2.6ms | ActiveRecord: 0.0ms | Allocations: 2629)


Started GET "/" for ::1 at 2020-04-07 14:39:08 -0500
Processing by ApplicationController#home as HTML
  Rendering application/home.html.erb
  Rendered application/home.html.erb (Duration: 11.5ms | Allocations: 6885)
Completed 200 OK in 12ms (Views: 12.0ms | ActiveRecord: 0.0ms | Allocations: 7136)


Started GET "/" for ::1 at 2020-04-07 14:39:51 -0500
Processing by ApplicationController#home as HTML
  Rendering application/home.html.erb
  Rendered application/home.html.erb (Duration: 19.9ms | Allocations: 7256)
Completed 200 OK in 21ms (Views: 20.5ms | ActiveRecord: 0.0ms | Allocations: 7509)


Started GET "/" for ::1 at 2020-04-07 14:41:28 -0500
Processing by ApplicationController#home as HTML
  Rendering application/home.html.erb
  Rendered application/home.html.erb (Duration: 11.2ms | Allocations: 7198)
Completed 200 OK in 12ms (Views: 11.7ms | ActiveRecord: 0.0ms | Allocations: 7449)


Started GET "/" for ::1 at 2020-04-07 14:42:02 -0500
Processing by ApplicationController#home as HTML
  Rendering application/home.html.erb
  Rendered application/home.html.erb (Duration: 15.3ms | Allocations: 9429)
Completed 200 OK in 16ms (Views: 15.9ms | ActiveRecord: 0.0ms | Allocations: 9680)


Started GET "/" for ::1 at 2020-04-07 14:42:57 -0500
Processing by ApplicationController#home as HTML
  Rendering application/home.html.erb
  Rendered application/home.html.erb (Duration: 11.2ms | Allocations: 7687)
Completed 200 OK in 12ms (Views: 11.7ms | ActiveRecord: 0.0ms | Allocations: 7938)


Started GET "/" for ::1 at 2020-04-07 14:43:06 -0500
Processing by ApplicationController#home as HTML
  Rendering application/home.html.erb
  Rendered application/home.html.erb (Duration: 11.1ms | Allocations: 8976)
Completed 200 OK in 12ms (Views: 11.6ms | ActiveRecord: 0.0ms | Allocations: 9227)


Started GET "/" for ::1 at 2020-04-07 14:43:15 -0500
Processing by ApplicationController#home as HTML
  Rendering application/home.html.erb
  Rendered application/home.html.erb (Duration: 3.8ms | Allocations: 2938)
Completed 200 OK in 4ms (Views: 4.2ms | ActiveRecord: 0.0ms | Allocations: 3189)


Started GET "/" for ::1 at 2020-04-07 14:43:27 -0500
Processing by ApplicationController#home as HTML
  Rendering application/home.html.erb
  Rendered application/home.html.erb (Duration: 11.9ms | Allocations: 8135)
Completed 200 OK in 13ms (Views: 12.4ms | ActiveRecord: 0.0ms | Allocations: 8386)


Started GET "/" for ::1 at 2020-04-07 14:43:33 -0500
Processing by ApplicationController#home as HTML
  Rendering application/home.html.erb
  Rendered application/home.html.erb (Duration: 16.0ms | Allocations: 6063)
Completed 200 OK in 17ms (Views: 16.7ms | ActiveRecord: 0.0ms | Allocations: 6314)


Started GET "/" for ::1 at 2020-04-07 14:43:43 -0500
Processing by ApplicationController#home as HTML
  Rendering application/home.html.erb
  Rendered application/home.html.erb (Duration: 12.0ms | Allocations: 7707)
Completed 200 OK in 13ms (Views: 12.5ms | ActiveRecord: 0.0ms | Allocations: 7958)


Started GET "/" for ::1 at 2020-04-07 14:43:52 -0500
Processing by ApplicationController#home as HTML
  Rendering application/home.html.erb
  Rendered application/home.html.erb (Duration: 11.1ms | Allocations: 7742)
Completed 200 OK in 12ms (Views: 11.6ms | ActiveRecord: 0.0ms | Allocations: 7993)


Started GET "/" for ::1 at 2020-04-07 14:44:01 -0500
Processing by ApplicationController#home as HTML
  Rendering application/home.html.erb
  Rendered application/home.html.erb (Duration: 10.5ms | Allocations: 8157)
Completed 200 OK in 11ms (Views: 11.1ms | ActiveRecord: 0.0ms | Allocations: 8408)


Started GET "/" for ::1 at 2020-04-07 14:44:08 -0500
Processing by ApplicationController#home as HTML
  Rendering application/home.html.erb
  Rendered application/home.html.erb (Duration: 11.2ms | Allocations: 8077)
Completed 200 OK in 12ms (Views: 11.7ms | ActiveRecord: 0.0ms | Allocations: 8328)


Started GET "/" for ::1 at 2020-04-07 14:44:19 -0500
Processing by ApplicationController#home as HTML
  Rendering application/home.html.erb
  Rendered application/home.html.erb (Duration: 14.0ms | Allocations: 8916)
Completed 200 OK in 15ms (Views: 14.6ms | ActiveRecord: 0.0ms | Allocations: 9167)


Started GET "/" for ::1 at 2020-04-07 14:44:28 -0500
Processing by ApplicationController#home as HTML
  Rendering application/home.html.erb
  Rendered application/home.html.erb (Duration: 20.5ms | Allocations: 8955)
Completed 200 OK in 21ms (Views: 20.9ms | ActiveRecord: 0.0ms | Allocations: 9208)


Started GET "/" for ::1 at 2020-04-07 14:44:35 -0500
Processing by ApplicationController#home as HTML
  Rendering application/home.html.erb
  Rendered application/home.html.erb (Duration: 11.8ms | Allocations: 8102)
Completed 200 OK in 12ms (Views: 12.2ms | ActiveRecord: 0.0ms | Allocations: 8353)


Started GET "/" for ::1 at 2020-04-07 14:44:47 -0500
Processing by ApplicationController#home as HTML
  Rendering application/home.html.erb
  Rendered application/home.html.erb (Duration: 14.2ms | Allocations: 8521)
Completed 200 OK in 15ms (Views: 14.7ms | ActiveRecord: 0.0ms | Allocations: 8772)


Started GET "/" for ::1 at 2020-04-07 14:46:04 -0500
Processing by ApplicationController#home as HTML
  Rendering application/home.html.erb
  Rendered application/home.html.erb (Duration: 10.8ms | Allocations: 6881)
Completed 200 OK in 11ms (Views: 11.2ms | ActiveRecord: 0.0ms | Allocations: 7132)


Started GET "/" for ::1 at 2020-04-07 14:46:09 -0500
Processing by ApplicationController#home as HTML
  Rendering application/home.html.erb
  Rendered application/home.html.erb (Duration: 2.5ms | Allocations: 2378)
Completed 200 OK in 3ms (Views: 2.9ms | ActiveRecord: 0.0ms | Allocations: 2629)


Started GET "/" for ::1 at 2020-04-07 14:46:18 -0500
Processing by ApplicationController#home as HTML
  Rendering application/home.html.erb
  Rendered application/home.html.erb (Duration: 2.5ms | Allocations: 2378)
Completed 200 OK in 3ms (Views: 3.0ms | ActiveRecord: 0.0ms | Allocations: 2629)


Started GET "/" for ::1 at 2020-04-07 14:47:57 -0500
Processing by ApplicationController#home as HTML
  Rendering application/home.html.erb
  Rendered application/home.html.erb (Duration: 10.5ms | Allocations: 8274)
Completed 200 OK in 13ms (Views: 12.7ms | ActiveRecord: 0.0ms | Allocations: 9411)


Started GET "/" for ::1 at 2020-04-07 14:48:17 -0500
Processing by ApplicationController#home as HTML
  Rendering application/home.html.erb
  Rendered application/home.html.erb (Duration: 3.5ms | Allocations: 2378)
Completed 200 OK in 5ms (Views: 4.3ms | ActiveRecord: 0.0ms | Allocations: 2631)


Started GET "/" for ::1 at 2020-04-07 14:48:33 -0500
Processing by ApplicationController#home as HTML
  Rendering application/home.html.erb
  Rendered application/home.html.erb (Duration: 2.4ms | Allocations: 2530)
Completed 200 OK in 5ms (Views: 4.7ms | ActiveRecord: 0.0ms | Allocations: 3667)


Started GET "/" for ::1 at 2020-04-07 14:48:51 -0500
Processing by ApplicationController#home as HTML
  Rendering application/home.html.erb
  Rendered application/home.html.erb (Duration: 11.5ms | Allocations: 8495)
Completed 200 OK in 12ms (Views: 11.9ms | ActiveRecord: 0.0ms | Allocations: 8747)


Started GET "/" for ::1 at 2020-04-07 14:48:58 -0500
Processing by ApplicationController#home as HTML
  Rendering application/home.html.erb
  Rendered application/home.html.erb (Duration: 3.8ms | Allocations: 2938)
Completed 200 OK in 5ms (Views: 4.3ms | ActiveRecord: 0.0ms | Allocations: 3189)


Started GET "/" for ::1 at 2020-04-07 14:50:24 -0500
Processing by ApplicationController#home as HTML
  Rendering application/home.html.erb
  Rendered application/home.html.erb (Duration: 10.7ms | Allocations: 8497)
Completed 200 OK in 11ms (Views: 11.2ms | ActiveRecord: 0.0ms | Allocations: 8748)


Started GET "/" for ::1 at 2020-04-07 14:51:29 -0500
Processing by ApplicationController#home as HTML
  Rendering application/home.html.erb
  Rendered application/home.html.erb (Duration: 2.3ms | Allocations: 2378)
Completed 200 OK in 3ms (Views: 2.8ms | ActiveRecord: 0.0ms | Allocations: 2629)


Started GET "/" for ::1 at 2020-04-07 14:52:06 -0500
Processing by ApplicationController#home as HTML
  Rendering application/home.html.erb
  Rendered application/home.html.erb (Duration: 12.4ms | Allocations: 7749)
Completed 200 OK in 13ms (Views: 13.0ms | ActiveRecord: 0.0ms | Allocations: 8000)


Started GET "/" for ::1 at 2020-04-07 14:52:44 -0500
Processing by ApplicationController#home as HTML
  Rendering application/home.html.erb
  Rendered application/home.html.erb (Duration: 21.3ms | Allocations: 8995)
Completed 200 OK in 22ms (Views: 21.8ms | ActiveRecord: 0.0ms | Allocations: 9248)


Started GET "/" for ::1 at 2020-04-07 14:56:26 -0500
Processing by ApplicationController#home as HTML
  Rendering application/home.html.erb
  Rendered application/home.html.erb (Duration: 12.3ms | Allocations: 8122)
Completed 200 OK in 13ms (Views: 12.8ms | ActiveRecord: 0.0ms | Allocations: 8373)


Started GET "/" for ::1 at 2020-04-07 14:57:50 -0500
Processing by ApplicationController#home as HTML
  Rendering application/home.html.erb
  Rendered application/home.html.erb (Duration: 10.6ms | Allocations: 7914)
Completed 200 OK in 13ms (Views: 12.9ms | ActiveRecord: 0.0ms | Allocations: 9051)


Started GET "/" for ::1 at 2020-04-07 14:58:07 -0500
Processing by ApplicationController#home as HTML
  Rendering application/home.html.erb
  Rendered application/home.html.erb (Duration: 2.1ms | Allocations: 2378)
Completed 200 OK in 3ms (Views: 2.6ms | ActiveRecord: 0.0ms | Allocations: 2630)


Started GET "/" for ::1 at 2020-04-07 14:58:14 -0500
Processing by ApplicationController#home as HTML
  Rendering application/home.html.erb
  Rendered application/home.html.erb (Duration: 2.1ms | Allocations: 2378)
Completed 200 OK in 3ms (Views: 2.5ms | ActiveRecord: 0.0ms | Allocations: 2629)


Started GET "/" for ::1 at 2020-04-07 14:58:18 -0500
Processing by ApplicationController#home as HTML
  Rendering application/home.html.erb
  Rendered application/home.html.erb (Duration: 2.6ms | Allocations: 2378)
Completed 200 OK in 3ms (Views: 3.1ms | ActiveRecord: 0.0ms | Allocations: 2629)


Started GET "/" for ::1 at 2020-04-07 14:58:23 -0500
Processing by ApplicationController#home as HTML
  Rendering application/home.html.erb
  Rendered application/home.html.erb (Duration: 2.9ms | Allocations: 2378)
Completed 200 OK in 4ms (Views: 3.4ms | ActiveRecord: 0.0ms | Allocations: 2629)


Started GET "/" for ::1 at 2020-04-07 14:58:55 -0500
Processing by ApplicationController#home as HTML
  Rendering application/home.html.erb
  Rendered application/home.html.erb (Duration: 2.1ms | Allocations: 2378)
Completed 200 OK in 3ms (Views: 2.5ms | ActiveRecord: 0.0ms | Allocations: 2629)


Started GET "/" for ::1 at 2020-04-07 15:01:13 -0500
Processing by ApplicationController#home as HTML
  Rendering application/home.html.erb
  Rendered application/home.html.erb (Duration: 9.8ms | Allocations: 9173)
Completed 200 OK in 22ms (Views: 21.3ms | ActiveRecord: 0.0ms | Allocations: 10309)


Started GET "/" for ::1 at 2020-04-07 15:01:32 -0500
Processing by ApplicationController#home as HTML
  Rendering application/home.html.erb
  Rendered application/home.html.erb (Duration: 12.1ms | Allocations: 8602)
Completed 200 OK in 13ms (Views: 12.6ms | ActiveRecord: 0.0ms | Allocations: 8854)


Started GET "/" for ::1 at 2020-04-07 15:01:42 -0500
Processing by ApplicationController#home as HTML
  Rendering application/home.html.erb
  Rendered application/home.html.erb (Duration: 12.1ms | Allocations: 8167)
Completed 200 OK in 13ms (Views: 12.6ms | ActiveRecord: 0.0ms | Allocations: 8418)


Started GET "/" for ::1 at 2020-04-07 15:01:43 -0500
Processing by ApplicationController#home as HTML
  Rendering application/home.html.erb
  Rendered application/home.html.erb (Duration: 2.8ms | Allocations: 2378)
Completed 200 OK in 4ms (Views: 3.3ms | ActiveRecord: 0.0ms | Allocations: 2629)


Started GET "/" for ::1 at 2020-04-07 15:02:04 -0500
Processing by ApplicationController#home as HTML
  Rendering application/home.html.erb
  Rendered application/home.html.erb (Duration: 11.1ms | Allocations: 7754)
Completed 200 OK in 12ms (Views: 11.6ms | ActiveRecord: 0.0ms | Allocations: 8005)


Started GET "/" for ::1 at 2020-04-07 15:02:25 -0500
Processing by ApplicationController#home as HTML
  Rendering application/home.html.erb
  Rendered application/home.html.erb (Duration: 12.3ms | Allocations: 9889)
Completed 200 OK in 13ms (Views: 12.7ms | ActiveRecord: 0.0ms | Allocations: 10140)


Started GET "/" for ::1 at 2020-04-07 15:02:46 -0500
Processing by ApplicationController#home as HTML
  Rendering application/home.html.erb
  Rendered application/home.html.erb (Duration: 10.6ms | Allocations: 7759)
Completed 200 OK in 11ms (Views: 11.1ms | ActiveRecord: 0.0ms | Allocations: 8010)


Started GET "/" for ::1 at 2020-04-07 15:03:06 -0500
Processing by ApplicationController#home as HTML
  Rendering application/home.html.erb
  Rendered application/home.html.erb (Duration: 11.9ms | Allocations: 8097)
Completed 200 OK in 13ms (Views: 12.3ms | ActiveRecord: 0.0ms | Allocations: 8348)


Started GET "/" for ::1 at 2020-04-07 15:03:32 -0500
Processing by ApplicationController#home as HTML
  Rendering application/home.html.erb
  Rendered application/home.html.erb (Duration: 14.4ms | Allocations: 8568)
Completed 200 OK in 15ms (Views: 14.9ms | ActiveRecord: 0.0ms | Allocations: 8819)


Started GET "/" for ::1 at 2020-04-07 15:04:08 -0500
Processing by ApplicationController#home as HTML
  Rendering application/home.html.erb
  Rendered application/home.html.erb (Duration: 11.2ms | Allocations: 8228)
Completed 200 OK in 12ms (Views: 11.7ms | ActiveRecord: 0.0ms | Allocations: 8479)


Started GET "/" for ::1 at 2020-04-07 15:04:34 -0500
Processing by ApplicationController#home as HTML
  Rendering application/home.html.erb
  Rendered application/home.html.erb (Duration: 10.0ms | Allocations: 8210)
Completed 200 OK in 11ms (Views: 10.5ms | ActiveRecord: 0.0ms | Allocations: 8461)


Started GET "/" for ::1 at 2020-04-07 15:04:34 -0500
Processing by ApplicationController#home as HTML
  Rendering application/home.html.erb
  Rendered application/home.html.erb (Duration: 2.8ms | Allocations: 2378)
Completed 200 OK in 4ms (Views: 3.3ms | ActiveRecord: 0.0ms | Allocations: 2629)


Started GET "/" for ::1 at 2020-04-07 15:04:35 -0500
Processing by ApplicationController#home as HTML
  Rendering application/home.html.erb
  Rendered application/home.html.erb (Duration: 2.3ms | Allocations: 2379)
Completed 200 OK in 3ms (Views: 2.8ms | ActiveRecord: 0.0ms | Allocations: 2633)


Started GET "/" for ::1 at 2020-04-07 15:04:35 -0500
Processing by ApplicationController#home as HTML
  Rendering application/home.html.erb
  Rendered application/home.html.erb (Duration: 2.6ms | Allocations: 2378)
Completed 200 OK in 3ms (Views: 3.1ms | ActiveRecord: 0.0ms | Allocations: 2629)


Started GET "/" for ::1 at 2020-04-07 15:04:35 -0500
Processing by ApplicationController#home as HTML
  Rendering application/home.html.erb
  Rendered application/home.html.erb (Duration: 2.1ms | Allocations: 2378)
Completed 200 OK in 3ms (Views: 2.6ms | ActiveRecord: 0.0ms | Allocations: 2629)


Started GET "/" for ::1 at 2020-04-07 15:04:36 -0500
Processing by ApplicationController#home as HTML
  Rendering application/home.html.erb
  Rendered application/home.html.erb (Duration: 2.4ms | Allocations: 2378)
Completed 200 OK in 3ms (Views: 2.8ms | ActiveRecord: 0.0ms | Allocations: 2629)


Started GET "/" for ::1 at 2020-04-07 15:05:06 -0500
Processing by ApplicationController#home as HTML
  Rendering application/home.html.erb
  Rendered application/home.html.erb (Duration: 11.2ms | Allocations: 9009)
Completed 200 OK in 12ms (Views: 11.6ms | ActiveRecord: 0.0ms | Allocations: 9260)


Started GET "/" for ::1 at 2020-04-07 15:05:15 -0500
Processing by ApplicationController#home as HTML
  Rendering application/home.html.erb
  Rendered application/home.html.erb (Duration: 11.1ms | Allocations: 8594)
Completed 200 OK in 12ms (Views: 11.6ms | ActiveRecord: 0.0ms | Allocations: 8845)


Started GET "/" for ::1 at 2020-04-07 15:05:57 -0500
Processing by ApplicationController#home as HTML
  Rendering application/home.html.erb
  Rendered application/home.html.erb (Duration: 15.5ms | Allocations: 8159)
Completed 200 OK in 16ms (Views: 16.2ms | ActiveRecord: 0.0ms | Allocations: 8410)


Started GET "/" for ::1 at 2020-04-07 15:06:22 -0500
Processing by ApplicationController#home as HTML
  Rendering application/home.html.erb
  Rendered application/home.html.erb (Duration: 10.2ms | Allocations: 7700)
Completed 200 OK in 11ms (Views: 10.7ms | ActiveRecord: 0.0ms | Allocations: 7951)


Started GET "/" for ::1 at 2020-04-07 15:07:05 -0500
Processing by ApplicationController#home as HTML
  Rendering application/home.html.erb
  Rendered application/home.html.erb (Duration: 10.3ms | Allocations: 8942)
Completed 200 OK in 11ms (Views: 10.8ms | ActiveRecord: 0.0ms | Allocations: 9193)


Started GET "/" for ::1 at 2020-04-07 15:07:19 -0500
Processing by ApplicationController#home as HTML
  Rendering application/home.html.erb
  Rendered application/home.html.erb (Duration: 11.3ms | Allocations: 8534)
Completed 200 OK in 12ms (Views: 11.8ms | ActiveRecord: 0.0ms | Allocations: 8785)


Started GET "/" for ::1 at 2020-04-07 15:08:03 -0500
Processing by ApplicationController#home as HTML
  Rendering application/home.html.erb
  Rendered application/home.html.erb (Duration: 13.2ms | Allocations: 9386)
Completed 200 OK in 14ms (Views: 14.0ms | ActiveRecord: 0.0ms | Allocations: 9637)


Started GET "/" for ::1 at 2020-04-07 15:08:12 -0500
Processing by ApplicationController#home as HTML
  Rendering application/home.html.erb
  Rendered application/home.html.erb (Duration: 9.6ms | Allocations: 8161)
Completed 200 OK in 10ms (Views: 10.1ms | ActiveRecord: 0.0ms | Allocations: 8412)


Started GET "/" for ::1 at 2020-04-07 15:08:55 -0500
Processing by ApplicationController#home as HTML
  Rendering application/home.html.erb
  Rendered application/home.html.erb (Duration: 11.5ms | Allocations: 8209)
Completed 200 OK in 12ms (Views: 12.0ms | ActiveRecord: 0.0ms | Allocations: 8460)


Started GET "/" for ::1 at 2020-04-07 15:10:44 -0500
Processing by ApplicationController#home as HTML
  Rendering application/home.html.erb
  Rendered application/home.html.erb (Duration: 12.6ms | Allocations: 8194)
Completed 200 OK in 13ms (Views: 13.1ms | ActiveRecord: 0.0ms | Allocations: 8445)


Started GET "/" for ::1 at 2020-04-07 15:11:04 -0500
Processing by ApplicationController#home as HTML
  Rendering application/home.html.erb
  Rendered application/home.html.erb (Duration: 2.5ms | Allocations: 2534)
Completed 200 OK in 6ms (Views: 6.0ms | ActiveRecord: 0.0ms | Allocations: 3671)


Started GET "/" for ::1 at 2020-04-07 15:11:33 -0500
Processing by ApplicationController#home as HTML
  Rendering application/home.html.erb
  Rendered application/home.html.erb (Duration: 2.7ms | Allocations: 2529)
Completed 200 OK in 5ms (Views: 4.6ms | ActiveRecord: 0.0ms | Allocations: 3659)


Started GET "/" for ::1 at 2020-04-07 15:12:25 -0500
Processing by ApplicationController#home as HTML
  Rendering application/home.html.erb
  Rendered application/home.html.erb (Duration: 2.2ms | Allocations: 2378)
Completed 200 OK in 3ms (Views: 2.8ms | ActiveRecord: 0.0ms | Allocations: 2630)


Started GET "/" for ::1 at 2020-04-07 15:13:32 -0500
Processing by ApplicationController#home as HTML
  Rendering application/home.html.erb
  Rendered application/home.html.erb (Duration: 2.4ms | Allocations: 2378)
Completed 200 OK in 3ms (Views: 2.9ms | ActiveRecord: 0.0ms | Allocations: 2629)


Started GET "/" for ::1 at 2020-04-07 15:14:53 -0500
Processing by ApplicationController#home as HTML
  Rendering application/home.html.erb
  Rendered application/home.html.erb (Duration: 11.1ms | Allocations: 9069)
Completed 200 OK in 12ms (Views: 11.5ms | ActiveRecord: 0.0ms | Allocations: 9320)


Started GET "/" for ::1 at 2020-04-07 15:15:19 -0500
Processing by ApplicationController#home as HTML
  Rendering application/home.html.erb
  Rendered application/home.html.erb (Duration: 12.8ms | Allocations: 8683)
Completed 200 OK in 13ms (Views: 13.2ms | ActiveRecord: 0.0ms | Allocations: 8934)


Started GET "/" for ::1 at 2020-04-07 15:15:28 -0500
Processing by ApplicationController#home as HTML
  Rendering application/home.html.erb
  Rendered application/home.html.erb (Duration: 18.2ms | Allocations: 9524)
Completed 200 OK in 19ms (Views: 18.7ms | ActiveRecord: 0.0ms | Allocations: 9777)


Started GET "/" for ::1 at 2020-04-07 15:15:39 -0500
Processing by ApplicationController#home as HTML
  Rendering application/home.html.erb
  Rendered application/home.html.erb (Duration: 17.9ms | Allocations: 9937)
Completed 200 OK in 19ms (Views: 18.3ms | ActiveRecord: 0.0ms | Allocations: 10188)


Started GET "/" for ::1 at 2020-04-07 15:15:51 -0500
Processing by ApplicationController#home as HTML
  Rendering application/home.html.erb
  Rendered application/home.html.erb (Duration: 2.8ms | Allocations: 2378)
Completed 200 OK in 3ms (Views: 3.3ms | ActiveRecord: 0.0ms | Allocations: 2629)


Started GET "/" for ::1 at 2020-04-07 15:17:01 -0500
Processing by ApplicationController#home as HTML
  Rendering application/home.html.erb
  Rendered application/home.html.erb (Duration: 13.8ms | Allocations: 8168)
Completed 200 OK in 15ms (Views: 14.3ms | ActiveRecord: 0.0ms | Allocations: 8419)


Started GET "/" for ::1 at 2020-04-07 15:26:58 -0500
  [1m[35m (0.1ms)[0m  [1m[34mSELECT sqlite_version(*)[0m
Processing by ApplicationController#home as HTML
  Rendering application/home.html.erb
  Rendered application/home.html.erb (Duration: 58.2ms | Allocations: 24038)
Completed 500 Internal Server Error in 61ms (ActiveRecord: 0.0ms | Allocations: 25164)


  
ActionView::Template::Error (Asset `colors.js` was not declared to be precompiled in production.
Declare links to your assets in `app/assets/config/manifest.js`.

  //= link colors.js
and restart your server):
    29:     </body>
    30:     <footer>
    31:         <%= javascript_include_tag 'draw' %>
    32:         <%= javascript_include_tag 'colors' %>
    33:     </footer>
    34: </html>
  
app/views/application/home.html.erb:32
app/controllers/application_controller.rb:4:in `home'
Started GET "/" for ::1 at 2020-04-07 15:27:12 -0500
Processing by ApplicationController#home as HTML
  Rendering application/home.html.erb
  Rendered application/home.html.erb (Duration: 11.6ms | Allocations: 8724)
Completed 200 OK in 12ms (Views: 12.2ms | ActiveRecord: 0.0ms | Allocations: 8979)


Started GET "/" for ::1 at 2020-04-07 15:29:34 -0500
Processing by ApplicationController#home as HTML
  Rendering application/home.html.erb
  Rendered application/home.html.erb (Duration: 13.0ms | Allocations: 10348)
Completed 200 OK in 14ms (Views: 13.6ms | ActiveRecord: 0.0ms | Allocations: 10599)


Started GET "/" for ::1 at 2020-04-07 15:29:49 -0500
Processing by ApplicationController#home as HTML
  Rendering application/home.html.erb
  Rendered application/home.html.erb (Duration: 13.4ms | Allocations: 11641)
Completed 200 OK in 14ms (Views: 13.8ms | ActiveRecord: 0.0ms | Allocations: 11892)


Started GET "/" for ::1 at 2020-04-07 15:30:02 -0500
Processing by ApplicationController#home as HTML
  Rendering application/home.html.erb
  Rendered application/home.html.erb (Duration: 15.3ms | Allocations: 9500)
Completed 200 OK in 16ms (Views: 15.9ms | ActiveRecord: 0.0ms | Allocations: 9751)


Started GET "/" for ::1 at 2020-04-07 15:32:15 -0500
Processing by ApplicationController#home as HTML
  Rendering application/home.html.erb
  Rendered application/home.html.erb (Duration: 3.3ms | Allocations: 3455)
Completed 200 OK in 4ms (Views: 4.0ms | ActiveRecord: 0.0ms | Allocations: 3706)


Started GET "/" for ::1 at 2020-04-07 15:36:50 -0500
Processing by ApplicationController#home as HTML
  Rendering application/home.html.erb
  Rendered application/home.html.erb (Duration: 12.7ms | Allocations: 9107)
Completed 200 OK in 15ms (Views: 14.5ms | ActiveRecord: 0.0ms | Allocations: 10253)


Started GET "/" for ::1 at 2020-04-07 15:37:54 -0500
Processing by ApplicationController#home as HTML
  Rendering application/home.html.erb
  Rendered application/home.html.erb (Duration: 2.8ms | Allocations: 2948)
Completed 200 OK in 4ms (Views: 3.3ms | ActiveRecord: 0.0ms | Allocations: 3200)


Started GET "/" for ::1 at 2020-04-07 15:41:18 -0500
Processing by ApplicationController#home as HTML
  Rendering application/home.html.erb
  Rendered application/home.html.erb (Duration: 20.4ms | Allocations: 10268)
Completed 200 OK in 21ms (Views: 20.9ms | ActiveRecord: 0.0ms | Allocations: 10522)


Started GET "/" for ::1 at 2020-04-07 15:41:48 -0500
Processing by ApplicationController#home as HTML
  Rendering application/home.html.erb
  Rendered application/home.html.erb (Duration: 13.2ms | Allocations: 9419)
Completed 200 OK in 14ms (Views: 13.6ms | ActiveRecord: 0.0ms | Allocations: 9670)


Started GET "/" for ::1 at 2020-04-07 15:41:57 -0500
Processing by ApplicationController#home as HTML
  Rendering application/home.html.erb
  Rendered application/home.html.erb (Duration: 13.0ms | Allocations: 9390)
Completed 200 OK in 14ms (Views: 13.5ms | ActiveRecord: 0.0ms | Allocations: 9641)


Started GET "/" for ::1 at 2020-04-07 15:42:09 -0500
Processing by ApplicationController#home as HTML
  Rendering application/home.html.erb
  Rendered application/home.html.erb (Duration: 29.3ms | Allocations: 9428)
Completed 200 OK in 31ms (Views: 29.9ms | ActiveRecord: 0.0ms | Allocations: 9679)


Started GET "/" for ::1 at 2020-04-07 15:43:25 -0500
Processing by ApplicationController#home as HTML
  Rendering application/home.html.erb
  Rendered application/home.html.erb (Duration: 39.3ms | Allocations: 9185)
Completed 200 OK in 45ms (Views: 44.3ms | ActiveRecord: 0.0ms | Allocations: 10324)


Started GET "/" for ::1 at 2020-04-07 15:43:52 -0500
Processing by ApplicationController#home as HTML
  Rendering application/home.html.erb
  Rendered application/home.html.erb (Duration: 4.1ms | Allocations: 3106)
Completed 200 OK in 6ms (Views: 6.1ms | ActiveRecord: 0.0ms | Allocations: 4243)


Started GET "/" for ::1 at 2020-04-07 15:43:56 -0500
Processing by ApplicationController#home as HTML
  Rendering application/home.html.erb
  Rendered application/home.html.erb (Duration: 2.2ms | Allocations: 2388)
Completed 200 OK in 3ms (Views: 2.6ms | ActiveRecord: 0.0ms | Allocations: 2640)


Started GET "/" for ::1 at 2020-04-07 15:46:09 -0500
Processing by ApplicationController#home as HTML
  Rendering application/home.html.erb
  Rendered application/home.html.erb (Duration: 21.5ms | Allocations: 18302)
Completed 200 OK in 24ms (Views: 23.4ms | ActiveRecord: 0.0ms | Allocations: 19432)


Started GET "/" for ::1 at 2020-04-07 15:46:42 -0500
Processing by ApplicationController#home as HTML
  Rendering application/home.html.erb
  Rendered application/home.html.erb (Duration: 12.0ms | Allocations: 10344)
Completed 200 OK in 13ms (Views: 12.5ms | ActiveRecord: 0.0ms | Allocations: 10596)


Started GET "/" for ::1 at 2020-04-07 15:46:44 -0500
Processing by ApplicationController#home as HTML
  Rendering application/home.html.erb
  Rendered application/home.html.erb (Duration: 3.5ms | Allocations: 3455)
Completed 200 OK in 4ms (Views: 4.0ms | ActiveRecord: 0.0ms | Allocations: 3707)


Started GET "/" for ::1 at 2020-04-07 15:46:45 -0500
Processing by ApplicationController#home as HTML
  Rendering application/home.html.erb
  Rendered application/home.html.erb (Duration: 4.1ms | Allocations: 3455)
Completed 200 OK in 5ms (Views: 4.6ms | ActiveRecord: 0.0ms | Allocations: 3706)


Started GET "/" for ::1 at 2020-04-07 15:46:47 -0500
Processing by ApplicationController#home as HTML
  Rendering application/home.html.erb
  Rendered application/home.html.erb (Duration: 4.7ms | Allocations: 3455)
Completed 200 OK in 5ms (Views: 5.2ms | ActiveRecord: 0.0ms | Allocations: 3706)


Started GET "/" for ::1 at 2020-04-07 15:47:29 -0500
Processing by ApplicationController#home as HTML
  Rendering application/home.html.erb
  Rendered application/home.html.erb (Duration: 10.7ms | Allocations: 9630)
Completed 200 OK in 12ms (Views: 11.3ms | ActiveRecord: 0.0ms | Allocations: 9881)


Started GET "/" for ::1 at 2020-04-07 15:48:14 -0500
Processing by ApplicationController#home as HTML
  Rendering application/home.html.erb
  Rendered application/home.html.erb (Duration: 11.5ms | Allocations: 9933)
Completed 200 OK in 12ms (Views: 12.0ms | ActiveRecord: 0.0ms | Allocations: 10184)


Started GET "/" for ::1 at 2020-04-07 15:50:15 -0500
Processing by ApplicationController#home as HTML
  Rendering application/home.html.erb
  Rendered application/home.html.erb (Duration: 20.4ms | Allocations: 10002)
Completed 200 OK in 21ms (Views: 20.9ms | ActiveRecord: 0.0ms | Allocations: 10255)


Started GET "/" for ::1 at 2020-04-07 15:50:53 -0500
Processing by ApplicationController#home as HTML
  Rendering application/home.html.erb
  Rendered application/home.html.erb (Duration: 12.0ms | Allocations: 10000)
Completed 200 OK in 13ms (Views: 12.5ms | ActiveRecord: 0.0ms | Allocations: 10251)


Started GET "/" for ::1 at 2020-04-07 15:51:38 -0500
Processing by ApplicationController#home as HTML
  Rendering application/home.html.erb
  Rendered application/home.html.erb (Duration: 11.8ms | Allocations: 10386)
Completed 200 OK in 12ms (Views: 12.2ms | ActiveRecord: 0.0ms | Allocations: 10637)


Started GET "/" for ::1 at 2020-04-07 15:54:11 -0500
Processing by ApplicationController#home as HTML
  Rendering application/home.html.erb
  Rendered application/home.html.erb (Duration: 3.5ms | Allocations: 4016)
Completed 200 OK in 4ms (Views: 3.9ms | ActiveRecord: 0.0ms | Allocations: 4267)


Started GET "/" for ::1 at 2020-04-07 15:55:52 -0500
Processing by ApplicationController#home as HTML
  Rendering application/home.html.erb
  Rendered application/home.html.erb (Duration: 10.6ms | Allocations: 9971)
Completed 200 OK in 11ms (Views: 11.1ms | ActiveRecord: 0.0ms | Allocations: 10222)


Started GET "/" for ::1 at 2020-04-07 15:56:08 -0500
Processing by ApplicationController#home as HTML
  Rendering application/home.html.erb
  Rendered application/home.html.erb (Duration: 12.9ms | Allocations: 10396)
Completed 200 OK in 14ms (Views: 13.3ms | ActiveRecord: 0.0ms | Allocations: 10647)


Started GET "/" for ::1 at 2020-04-07 15:56:53 -0500
Processing by ApplicationController#home as HTML
  Rendering application/home.html.erb
  Rendered application/home.html.erb (Duration: 15.1ms | Allocations: 10790)
Completed 200 OK in 16ms (Views: 15.6ms | ActiveRecord: 0.0ms | Allocations: 11041)


Started GET "/" for ::1 at 2020-04-07 15:57:08 -0500
Processing by ApplicationController#home as HTML
  Rendering application/home.html.erb
  Rendered application/home.html.erb (Duration: 12.5ms | Allocations: 11235)
Completed 200 OK in 13ms (Views: 13.0ms | ActiveRecord: 0.0ms | Allocations: 11486)


Started GET "/" for ::1 at 2020-04-07 15:59:48 -0500
Processing by ApplicationController#home as HTML
  Rendering application/home.html.erb
  Rendered application/home.html.erb (Duration: 3.9ms | Allocations: 3455)
Completed 200 OK in 5ms (Views: 4.4ms | ActiveRecord: 0.0ms | Allocations: 3706)


Started GET "/" for ::1 at 2020-04-07 16:00:49 -0500
Processing by ApplicationController#home as HTML
  Rendering application/home.html.erb
  Rendered application/home.html.erb (Duration: 19.8ms | Allocations: 10781)
Completed 200 OK in 20ms (Views: 20.3ms | ActiveRecord: 0.0ms | Allocations: 11034)


Started GET "/" for ::1 at 2020-04-07 16:01:14 -0500
Processing by ApplicationController#home as HTML
  Rendering application/home.html.erb
  Rendered application/home.html.erb (Duration: 12.3ms | Allocations: 11252)
Completed 200 OK in 13ms (Views: 12.8ms | ActiveRecord: 0.0ms | Allocations: 11503)


Started GET "/" for ::1 at 2020-04-07 16:02:41 -0500
Processing by ApplicationController#home as HTML
  Rendering application/home.html.erb
  Rendered application/home.html.erb (Duration: 12.0ms | Allocations: 10014)
Completed 200 OK in 13ms (Views: 12.6ms | ActiveRecord: 0.0ms | Allocations: 10265)


Started GET "/" for ::1 at 2020-04-07 16:03:40 -0500
Processing by ApplicationController#home as HTML
  Rendering application/home.html.erb
  Rendered application/home.html.erb (Duration: 11.4ms | Allocations: 9587)
Completed 200 OK in 12ms (Views: 11.9ms | ActiveRecord: 0.0ms | Allocations: 9838)


Started GET "/" for ::1 at 2020-04-07 16:05:08 -0500
Processing by ApplicationController#home as HTML
  Rendering application/home.html.erb
  Rendered application/home.html.erb (Duration: 20.9ms | Allocations: 10014)
Completed 200 OK in 22ms (Views: 21.5ms | ActiveRecord: 0.0ms | Allocations: 10267)


Started GET "/" for ::1 at 2020-04-07 16:06:16 -0500
Processing by ApplicationController#home as HTML
  Rendering application/home.html.erb
  Rendered application/home.html.erb (Duration: 11.3ms | Allocations: 11255)
Completed 200 OK in 12ms (Views: 11.9ms | ActiveRecord: 0.0ms | Allocations: 11506)


Started GET "/" for ::1 at 2020-04-07 16:07:32 -0500
Processing by ApplicationController#home as HTML
  Rendering application/home.html.erb
  Rendered application/home.html.erb (Duration: 10.9ms | Allocations: 10854)
Completed 200 OK in 12ms (Views: 11.4ms | ActiveRecord: 0.0ms | Allocations: 11105)


Started GET "/" for ::1 at 2020-04-07 16:07:42 -0500
Processing by ApplicationController#home as HTML
  Rendering application/home.html.erb
  Rendered application/home.html.erb (Duration: 2.9ms | Allocations: 3455)
Completed 200 OK in 4ms (Views: 3.3ms | ActiveRecord: 0.0ms | Allocations: 3706)


Started GET "/" for ::1 at 2020-04-07 16:08:28 -0500
Processing by ApplicationController#home as HTML
  Rendering application/home.html.erb
  Rendered application/home.html.erb (Duration: 4.5ms | Allocations: 3455)
Completed 200 OK in 5ms (Views: 5.2ms | ActiveRecord: 0.0ms | Allocations: 3706)


Started GET "/" for ::1 at 2020-04-07 16:08:30 -0500
Processing by ApplicationController#home as HTML
  Rendering application/home.html.erb
  Rendered application/home.html.erb (Duration: 3.7ms | Allocations: 3455)
Completed 200 OK in 5ms (Views: 4.5ms | ActiveRecord: 0.0ms | Allocations: 3706)


